<?xml version="1.0" encoding="UTF-8"?>
<!-- Generated by org.testng.reporters.JUnitXMLReporter -->
<testsuite hostname="LAPTOP-F86T4Q0E" name="Test" tests="6" failures="4" timestamp="14 Nov 2019 11:12:42 GMT" time="142.302" errors="0">
  <testcase name="English_Login_without_Corporate_ID" time="1.927" classname="com.eit.stepdefinition.stepDefinition"/>
  <testcase name="Arabic_Login_without_Corporate_ID" time="1.828" classname="com.eit.stepdefinition.stepDefinition"/>
  <testcase name="English_Login_without_Username" time="2.004" classname="com.eit.stepdefinition.stepDefinition">
    <failure type="java.lang.AssertionError" message="expected [true] but found [false]">
      <![CDATA[java.lang.AssertionError: expected [true] but found [false]
	at com.eit.stepdefinition.stepDefinition.English_Login_without_Username(stepDefinition.java:51)
... Removed 28 stack frames]]>
    </failure>
  </testcase> <!-- English_Login_without_Username -->
  <testcase name="Arabic_Login_without_Username" time="1.884" classname="com.eit.stepdefinition.stepDefinition">
    <failure type="java.lang.AssertionError" message="expected [true] but found [false]">
      <![CDATA[java.lang.AssertionError: expected [true] but found [false]
	at com.eit.stepdefinition.stepDefinition.Arabic_Login_without_Username(stepDefinition.java:62)
... Removed 28 stack frames]]>
    </failure>
  </testcase> <!-- Arabic_Login_without_Username -->
  <testcase name="English_Login_without_password" time="2.154" classname="com.eit.stepdefinition.stepDefinition">
    <failure type="java.lang.AssertionError" message="expected [true] but found [false]">
      <![CDATA[java.lang.AssertionError: expected [true] but found [false]
	at com.eit.stepdefinition.stepDefinition.English_Login_without_password(stepDefinition.java:74)
... Removed 28 stack frames]]>
    </failure>
  </testcase> <!-- English_Login_without_password -->
  <testcase name="Arabic_Login_without_password" time="1.967" classname="com.eit.stepdefinition.stepDefinition">
    <failure type="java.lang.AssertionError" message="expected [true] but found [false]">
      <![CDATA[java.lang.AssertionError: expected [true] but found [false]
	at com.eit.stepdefinition.stepDefinition.Arabic_Login_without_password(stepDefinition.java:86)
... Removed 28 stack frames]]>
    </failure>
  </testcase> <!-- Arabic_Login_without_password -->
</testsuite> <!-- Test -->
